
----------------------------------------

 DEVSIM

 Version: Beta 0.01

 Copyright 2009-2018 Devsim LLC

----------------------------------------


Physical group name Base has 0 Tetrahedra.
Physical group name Base has 0 Triangles.
Physical group name Base has 19 Lines.
Physical group name Base has 20 Points.
Physical group name Bulk has 0 Tetrahedra.
Physical group name Bulk has 922 Triangles.
Physical group name Bulk has 1422 Lines.
Physical group name Bulk has 501 Points.
Physical group name Emitter has 0 Tetrahedra.
Physical group name Emitter has 0 Triangles.
Physical group name Emitter has 20 Lines.
Physical group name Emitter has 21 Points.
Device diode2d has 501 coordinates with max index 501
Region Bulk has 501 nodes.
Contact bot in region Bulk with 21 nodes
Contact top in region Bulk with 20 nodes
Region "Bulk" on device "diode2d" has equations 0:500
Device "diode2d" has equations 0:500
number of equations 501
Iteration: 0
  Device: "diode2d"	RelError: 1.00000e+00	AbsError: 8.93836e-02
    Region: "Bulk"	RelError: 1.00000e+00	AbsError: 8.93836e-02
      Equation: "PotentialEquation"	RelError: 1.00000e+00	AbsError: 8.93836e-02
Iteration: 1
  Device: "diode2d"	RelError: 4.91460e-01	AbsError: 8.63816e-02
    Region: "Bulk"	RelError: 4.91460e-01	AbsError: 8.63816e-02
      Equation: "PotentialEquation"	RelError: 4.91460e-01	AbsError: 8.63816e-02
Iteration: 2
  Device: "diode2d"	RelError: 3.21027e-01	AbsError: 8.31041e-02
    Region: "Bulk"	RelError: 3.21027e-01	AbsError: 8.31041e-02
      Equation: "PotentialEquation"	RelError: 3.21027e-01	AbsError: 8.31041e-02
Iteration: 3
  Device: "diode2d"	RelError: 2.34803e-01	AbsError: 7.94348e-02
    Region: "Bulk"	RelError: 2.34803e-01	AbsError: 7.94348e-02
      Equation: "PotentialEquation"	RelError: 2.34803e-01	AbsError: 7.94348e-02
Iteration: 4
  Device: "diode2d"	RelError: 1.79697e-01	AbsError: 7.40497e-02
    Region: "Bulk"	RelError: 1.79697e-01	AbsError: 7.40497e-02
      Equation: "PotentialEquation"	RelError: 1.79697e-01	AbsError: 7.40497e-02
Iteration: 5
  Device: "diode2d"	RelError: 3.94113e-01	AbsError: 5.62624e-02
    Region: "Bulk"	RelError: 3.94113e-01	AbsError: 5.62624e-02
      Equation: "PotentialEquation"	RelError: 3.94113e-01	AbsError: 5.62624e-02
Iteration: 6
  Device: "diode2d"	RelError: 2.70939e-01	AbsError: 3.95692e-02
    Region: "Bulk"	RelError: 2.70939e-01	AbsError: 3.95692e-02
      Equation: "PotentialEquation"	RelError: 2.70939e-01	AbsError: 3.95692e-02
Iteration: 7
  Device: "diode2d"	RelError: 7.20407e-02	AbsError: 2.91367e-02
    Region: "Bulk"	RelError: 7.20407e-02	AbsError: 2.91367e-02
      Equation: "PotentialEquation"	RelError: 7.20407e-02	AbsError: 2.91367e-02
Iteration: 8
  Device: "diode2d"	RelError: 5.18778e-02	AbsError: 2.47384e-02
    Region: "Bulk"	RelError: 5.18778e-02	AbsError: 2.47384e-02
      Equation: "PotentialEquation"	RelError: 5.18778e-02	AbsError: 2.47384e-02
Iteration: 9
  Device: "diode2d"	RelError: 5.35797e-04	AbsError: 2.55476e-04
    Region: "Bulk"	RelError: 5.35797e-04	AbsError: 2.55476e-04
      Equation: "PotentialEquation"	RelError: 5.35797e-04	AbsError: 2.55476e-04
Iteration: 10
  Device: "diode2d"	RelError: 8.85294e-07	AbsError: 4.22113e-07
    Region: "Bulk"	RelError: 8.85294e-07	AbsError: 4.22113e-07
      Equation: "PotentialEquation"	RelError: 8.85294e-07	AbsError: 4.22113e-07
Iteration: 11
  Device: "diode2d"	RelError: 2.67497e-12	AbsError: 1.27532e-12
    Region: "Bulk"	RelError: 2.67497e-12	AbsError: 1.27532e-12
      Equation: "PotentialEquation"	RelError: 2.67497e-12	AbsError: 1.27532e-12
Iteration: 12
  Device: "diode2d"	RelError: 1.09172e-15	AbsError: 5.78606e-17
    Region: "Bulk"	RelError: 1.09172e-15	AbsError: 5.78606e-17
      Equation: "PotentialEquation"	RelError: 1.09172e-15	AbsError: 5.78606e-17
Warning: Replacing equation with equation of the same name.
Region: Bulk, Equation: PotentialEquation, Variable: Potential
Region "Bulk" on device "diode2d" has equations 0:1502
Device "diode2d" has equations 0:1502
number of equations 1503
Iteration: 0
  Device: "diode2d"	RelError: 2.16231e-13	AbsError: 1.02400e+04
    Region: "Bulk"	RelError: 2.16231e-13	AbsError: 1.02400e+04
      Equation: "ElectronContinuityEquation"	RelError: 8.04633e-14	AbsError: 5.12000e+03
      Equation: "HoleContinuityEquation"	RelError: 1.34674e-13	AbsError: 5.12000e+03
      Equation: "PotentialEquation"	RelError: 1.09391e-15	AbsError: 1.33989e-16
Region "Bulk" on device "diode2d" has equations 0:1502
Device "diode2d" has equations 0:1502
number of equations 1503
Iteration: 0
  Device: "diode2d"	RelError: 3.48859e-13	AbsError: 2.98931e+02
    Region: "Bulk"	RelError: 3.48859e-13	AbsError: 2.98931e+02
      Equation: "ElectronContinuityEquation"	RelError: 1.58695e-13	AbsError: 1.53475e+02
      Equation: "HoleContinuityEquation"	RelError: 1.89429e-13	AbsError: 1.45455e+02
      Equation: "PotentialEquation"	RelError: 7.34940e-16	AbsError: 4.73026e-17
top	0.0	-1.34482758146e-29	2.56381230267e-15	2.56381230267e-15
bot	0.0	7.5607257299e-15	4.61012222973e-31	7.5607257299e-15
Region "Bulk" on device "diode2d" has equations 0:1502
Device "diode2d" has equations 0:1502
number of equations 1503
Iteration: 0
  Device: "diode2d"	RelError: 1.44958e+01	AbsError: 2.06749e+17
    Region: "Bulk"	RelError: 1.44958e+01	AbsError: 2.06749e+17
      Equation: "ElectronContinuityEquation"	RelError: 7.74582e-01	AbsError: 1.02498e+17
      Equation: "HoleContinuityEquation"	RelError: 7.74713e-01	AbsError: 1.04251e+17
      Equation: "PotentialEquation"	RelError: 1.29465e+01	AbsError: 4.09807e-02
Iteration: 1
  Device: "diode2d"	RelError: 2.01854e+01	AbsError: 2.43978e+16
    Region: "Bulk"	RelError: 2.01854e+01	AbsError: 2.43978e+16
      Equation: "ElectronContinuityEquation"	RelError: 6.72891e-01	AbsError: 1.24722e+16
      Equation: "HoleContinuityEquation"	RelError: 7.55750e-01	AbsError: 1.19256e+16
      Equation: "PotentialEquation"	RelError: 1.87568e+01	AbsError: 3.07726e-02
Iteration: 2
  Device: "diode2d"	RelError: 1.19450e+00	AbsError: 1.88203e+15
    Region: "Bulk"	RelError: 1.19450e+00	AbsError: 1.88203e+15
      Equation: "ElectronContinuityEquation"	RelError: 4.93164e-01	AbsError: 6.05446e+14
      Equation: "HoleContinuityEquation"	RelError: 4.87875e-01	AbsError: 1.27659e+15
      Equation: "PotentialEquation"	RelError: 2.13464e-01	AbsError: 2.58291e-02
Iteration: 3
  Device: "diode2d"	RelError: 4.29762e-01	AbsError: 1.03505e+15
    Region: "Bulk"	RelError: 4.29762e-01	AbsError: 1.03505e+15
      Equation: "ElectronContinuityEquation"	RelError: 2.96537e-01	AbsError: 3.37093e+13
      Equation: "HoleContinuityEquation"	RelError: 1.08876e-01	AbsError: 1.00134e+15
      Equation: "PotentialEquation"	RelError: 2.43497e-02	AbsError: 9.17641e-03
Iteration: 4
  Device: "diode2d"	RelError: 1.06762e-01	AbsError: 9.80464e+14
    Region: "Bulk"	RelError: 1.06762e-01	AbsError: 9.80464e+14
      Equation: "ElectronContinuityEquation"	RelError: 8.09175e-02	AbsError: 6.62156e+13
      Equation: "HoleContinuityEquation"	RelError: 3.89588e-03	AbsError: 9.14249e+14
      Equation: "PotentialEquation"	RelError: 2.19490e-02	AbsError: 5.50270e-05
Iteration: 5
  Device: "diode2d"	RelError: 9.07616e-05	AbsError: 4.72752e+11
    Region: "Bulk"	RelError: 9.07616e-05	AbsError: 4.72752e+11
      Equation: "ElectronContinuityEquation"	RelError: 6.75022e-05	AbsError: 2.61451e+11
      Equation: "HoleContinuityEquation"	RelError: 5.36105e-06	AbsError: 2.11301e+11
      Equation: "PotentialEquation"	RelError: 1.78984e-05	AbsError: 8.22083e-08
Iteration: 6
  Device: "diode2d"	RelError: 1.23322e-09	AbsError: 1.25188e+08
    Region: "Bulk"	RelError: 1.23322e-09	AbsError: 1.25188e+08
      Equation: "ElectronContinuityEquation"	RelError: 3.42008e-10	AbsError: 1.03356e+08
      Equation: "HoleContinuityEquation"	RelError: 3.43605e-10	AbsError: 2.18312e+07
      Equation: "PotentialEquation"	RelError: 5.47609e-10	AbsError: 8.87313e-12
Iteration: 7
  Device: "diode2d"	RelError: 3.94898e-13	AbsError: 2.75256e+05
    Region: "Bulk"	RelError: 3.94898e-13	AbsError: 2.75256e+05
      Equation: "ElectronContinuityEquation"	RelError: 1.55802e-13	AbsError: 1.14788e+05
      Equation: "HoleContinuityEquation"	RelError: 2.18335e-13	AbsError: 1.60468e+05
      Equation: "PotentialEquation"	RelError: 2.07611e-14	AbsError: 7.82404e-15
top	0.1	2.84714308542e-14	1.15755969988e-14	4.0047027853e-14
bot	0.0	-2.97871488265e-14	-1.38931668733e-14	-4.36803156997e-14
Region "Bulk" on device "diode2d" has equations 0:1502
Device "diode2d" has equations 0:1502
number of equations 1503
Iteration: 0
  Device: "diode2d"	RelError: 1.44067e+02	AbsError: 2.21005e+17
    Region: "Bulk"	RelError: 1.44067e+02	AbsError: 2.21005e+17
      Equation: "ElectronContinuityEquation"	RelError: 7.89698e-01	AbsError: 1.10054e+17
      Equation: "HoleContinuityEquation"	RelError: 7.89816e-01	AbsError: 1.10951e+17
      Equation: "PotentialEquation"	RelError: 1.42488e+02	AbsError: 4.10658e-02
Iteration: 1
  Device: "diode2d"	RelError: 7.18590e+00	AbsError: 4.20198e+16
    Region: "Bulk"	RelError: 7.18590e+00	AbsError: 4.20198e+16
      Equation: "ElectronContinuityEquation"	RelError: 6.86001e-01	AbsError: 1.44052e+16
      Equation: "HoleContinuityEquation"	RelError: 7.72802e-01	AbsError: 2.76146e+16
      Equation: "PotentialEquation"	RelError: 5.72710e+00	AbsError: 3.09304e-02
Iteration: 2
  Device: "diode2d"	RelError: 3.68940e+00	AbsError: 2.41123e+15
    Region: "Bulk"	RelError: 3.68940e+00	AbsError: 2.41123e+15
      Equation: "ElectronContinuityEquation"	RelError: 5.03305e-01	AbsError: 8.92862e+14
      Equation: "HoleContinuityEquation"	RelError: 4.87302e-01	AbsError: 1.51836e+15
      Equation: "PotentialEquation"	RelError: 2.69879e+00	AbsError: 2.58595e-02
Iteration: 3
  Device: "diode2d"	RelError: 4.38165e-01	AbsError: 1.02710e+15
    Region: "Bulk"	RelError: 4.38165e-01	AbsError: 1.02710e+15
      Equation: "ElectronContinuityEquation"	RelError: 2.96984e-01	AbsError: 3.15050e+13
      Equation: "HoleContinuityEquation"	RelError: 1.07352e-01	AbsError: 9.95596e+14
      Equation: "PotentialEquation"	RelError: 3.38287e-02	AbsError: 9.36579e-03
Iteration: 4
  Device: "diode2d"	RelError: 9.74734e-02	AbsError: 1.18518e+15
    Region: "Bulk"	RelError: 9.74734e-02	AbsError: 1.18518e+15
      Equation: "ElectronContinuityEquation"	RelError: 8.22920e-02	AbsError: 7.30894e+13
      Equation: "HoleContinuityEquation"	RelError: 4.58258e-03	AbsError: 1.11209e+15
      Equation: "PotentialEquation"	RelError: 1.05988e-02	AbsError: 5.87143e-05
Iteration: 5
  Device: "diode2d"	RelError: 8.29888e-05	AbsError: 4.01045e+11
    Region: "Bulk"	RelError: 8.29888e-05	AbsError: 4.01045e+11
      Equation: "ElectronContinuityEquation"	RelError: 7.60954e-05	AbsError: 1.40521e+11
      Equation: "HoleContinuityEquation"	RelError: 6.60817e-06	AbsError: 2.60523e+11
      Equation: "PotentialEquation"	RelError: 2.85288e-07	AbsError: 1.34424e-08
Iteration: 6
  Device: "diode2d"	RelError: 3.69601e-10	AbsError: 1.64822e+08
    Region: "Bulk"	RelError: 3.69601e-10	AbsError: 1.64822e+08
      Equation: "ElectronContinuityEquation"	RelError: 1.38518e-10	AbsError: 7.09456e+07
      Equation: "HoleContinuityEquation"	RelError: 1.45152e-10	AbsError: 9.38760e+07
      Equation: "PotentialEquation"	RelError: 8.59306e-11	AbsError: 3.58209e-12
Iteration: 7
  Device: "diode2d"	RelError: 6.16632e-13	AbsError: 4.90057e+05
    Region: "Bulk"	RelError: 6.16632e-13	AbsError: 4.90057e+05
      Equation: "ElectronContinuityEquation"	RelError: 2.99709e-13	AbsError: 2.93469e+05
      Equation: "HoleContinuityEquation"	RelError: 2.93930e-13	AbsError: 1.96588e+05
      Equation: "PotentialEquation"	RelError: 2.29924e-14	AbsError: 7.78131e-15
top	0.2	1.31489550306e-12	6.50595209147e-13	1.96549071221e-12
bot	0.0	-1.32372817326e-12	-6.42393761743e-13	-1.96612193501e-12
Region "Bulk" on device "diode2d" has equations 0:1502
Device "diode2d" has equations 0:1502
number of equations 1503
Iteration: 0
  Device: "diode2d"	RelError: 3.27700e+01	AbsError: 2.35550e+17
    Region: "Bulk"	RelError: 3.27700e+01	AbsError: 2.35550e+17
      Equation: "ElectronContinuityEquation"	RelError: 7.92430e-01	AbsError: 1.17359e+17
      Equation: "HoleContinuityEquation"	RelError: 7.92055e-01	AbsError: 1.18191e+17
      Equation: "PotentialEquation"	RelError: 3.11855e+01	AbsError: 4.10236e-02
Iteration: 1
  Device: "diode2d"	RelError: 3.33510e+00	AbsError: 3.24261e+16
    Region: "Bulk"	RelError: 3.33510e+00	AbsError: 3.24261e+16
      Equation: "ElectronContinuityEquation"	RelError: 6.85346e-01	AbsError: 1.69644e+16
      Equation: "HoleContinuityEquation"	RelError: 7.74578e-01	AbsError: 1.54617e+16
      Equation: "PotentialEquation"	RelError: 1.87518e+00	AbsError: 3.07818e-02
Iteration: 2
  Device: "diode2d"	RelError: 1.88151e+02	AbsError: 3.39259e+15
    Region: "Bulk"	RelError: 1.88151e+02	AbsError: 3.39259e+15
      Equation: "ElectronContinuityEquation"	RelError: 5.03040e-01	AbsError: 1.44575e+15
      Equation: "HoleContinuityEquation"	RelError: 4.88686e-01	AbsError: 1.94684e+15
      Equation: "PotentialEquation"	RelError: 1.87159e+02	AbsError: 2.58756e-02
Iteration: 3
  Device: "diode2d"	RelError: 5.64596e-01	AbsError: 1.12627e+15
    Region: "Bulk"	RelError: 5.64596e-01	AbsError: 1.12627e+15
      Equation: "ElectronContinuityEquation"	RelError: 2.97089e-01	AbsError: 3.31603e+13
      Equation: "HoleContinuityEquation"	RelError: 1.06918e-01	AbsError: 1.09311e+15
      Equation: "PotentialEquation"	RelError: 1.60589e-01	AbsError: 9.18740e-03
Iteration: 4
  Device: "diode2d"	RelError: 1.06506e+00	AbsError: 1.09602e+15
    Region: "Bulk"	RelError: 1.06506e+00	AbsError: 1.09602e+15
      Equation: "ElectronContinuityEquation"	RelError: 8.23017e-02	AbsError: 7.67037e+13
      Equation: "HoleContinuityEquation"	RelError: 4.05008e-03	AbsError: 1.01932e+15
      Equation: "PotentialEquation"	RelError: 9.78710e-01	AbsError: 5.78628e-05
Iteration: 5
  Device: "diode2d"	RelError: 4.26526e-04	AbsError: 2.69442e+11
    Region: "Bulk"	RelError: 4.26526e-04	AbsError: 2.69442e+11
      Equation: "ElectronContinuityEquation"	RelError: 7.46973e-05	AbsError: 1.01153e+11
      Equation: "HoleContinuityEquation"	RelError: 5.78672e-06	AbsError: 1.68289e+11
      Equation: "PotentialEquation"	RelError: 3.46042e-04	AbsError: 2.93937e-08
Iteration: 6
  Device: "diode2d"	RelError: 3.91420e-08	AbsError: 1.88361e+08
    Region: "Bulk"	RelError: 3.91420e-08	AbsError: 1.88361e+08
      Equation: "ElectronContinuityEquation"	RelError: 1.46717e-10	AbsError: 1.46390e+08
      Equation: "HoleContinuityEquation"	RelError: 1.35854e-10	AbsError: 4.19702e+07
      Equation: "PotentialEquation"	RelError: 3.88594e-08	AbsError: 3.79572e-12
Iteration: 7
  Device: "diode2d"	RelError: 2.82214e-12	AbsError: 1.02803e+06
    Region: "Bulk"	RelError: 2.82214e-12	AbsError: 1.02803e+06
      Equation: "ElectronContinuityEquation"	RelError: 8.18558e-13	AbsError: 8.17694e+05
      Equation: "HoleContinuityEquation"	RelError: 8.07506e-13	AbsError: 2.10334e+05
      Equation: "PotentialEquation"	RelError: 1.19608e-12	AbsError: 2.12131e-14
top	0.3	5.94369902525e-11	2.91205155037e-11	8.85575057562e-11
bot	0.0	-5.94840006415e-11	-2.90715893355e-11	-8.8555589977e-11
Region "Bulk" on device "diode2d" has equations 0:1502
Device "diode2d" has equations 0:1502
number of equations 1503
Iteration: 0
  Device: "diode2d"	RelError: 1.96374e+01	AbsError: 2.56087e+17
    Region: "Bulk"	RelError: 1.96374e+01	AbsError: 2.56087e+17
      Equation: "ElectronContinuityEquation"	RelError: 7.93203e-01	AbsError: 1.28396e+17
      Equation: "HoleContinuityEquation"	RelError: 7.93076e-01	AbsError: 1.27690e+17
      Equation: "PotentialEquation"	RelError: 1.80512e+01	AbsError: 4.10711e-02
Iteration: 1
  Device: "diode2d"	RelError: 3.05820e+01	AbsError: 4.24026e+16
    Region: "Bulk"	RelError: 3.05820e+01	AbsError: 4.24026e+16
      Equation: "ElectronContinuityEquation"	RelError: 6.86418e-01	AbsError: 2.08525e+16
      Equation: "HoleContinuityEquation"	RelError: 7.75817e-01	AbsError: 2.15500e+16
      Equation: "PotentialEquation"	RelError: 2.91197e+01	AbsError: 3.07947e-02
Iteration: 2
  Device: "diode2d"	RelError: 3.45177e+02	AbsError: 4.89814e+15
    Region: "Bulk"	RelError: 3.45177e+02	AbsError: 4.89814e+15
      Equation: "ElectronContinuityEquation"	RelError: 5.02505e-01	AbsError: 2.31911e+15
      Equation: "HoleContinuityEquation"	RelError: 4.89564e-01	AbsError: 2.57902e+15
      Equation: "PotentialEquation"	RelError: 3.44185e+02	AbsError: 2.57185e-02
Iteration: 3
  Device: "diode2d"	RelError: 7.82965e-01	AbsError: 1.06764e+15
    Region: "Bulk"	RelError: 7.82965e-01	AbsError: 1.06764e+15
      Equation: "ElectronContinuityEquation"	RelError: 2.95714e-01	AbsError: 1.51668e+13
      Equation: "HoleContinuityEquation"	RelError: 1.07132e-01	AbsError: 1.05247e+15
      Equation: "PotentialEquation"	RelError: 3.80118e-01	AbsError: 9.20283e-03
Iteration: 4
  Device: "diode2d"	RelError: 6.40221e-01	AbsError: 9.27333e+14
    Region: "Bulk"	RelError: 6.40221e-01	AbsError: 9.27333e+14
      Equation: "ElectronContinuityEquation"	RelError: 8.12185e-02	AbsError: 7.76125e+13
      Equation: "HoleContinuityEquation"	RelError: 3.13522e-03	AbsError: 8.49720e+14
      Equation: "PotentialEquation"	RelError: 5.55867e-01	AbsError: 4.93933e-05
Iteration: 5
  Device: "diode2d"	RelError: 7.92731e-05	AbsError: 8.14802e+11
    Region: "Bulk"	RelError: 7.92731e-05	AbsError: 8.14802e+11
      Equation: "ElectronContinuityEquation"	RelError: 6.13064e-05	AbsError: 6.76660e+11
      Equation: "HoleContinuityEquation"	RelError: 3.87117e-06	AbsError: 1.38142e+11
      Equation: "PotentialEquation"	RelError: 1.40954e-05	AbsError: 1.76708e-08
Iteration: 6
  Device: "diode2d"	RelError: 7.00735e-08	AbsError: 3.66977e+09
    Region: "Bulk"	RelError: 7.00735e-08	AbsError: 3.66977e+09
      Equation: "ElectronContinuityEquation"	RelError: 3.38890e-09	AbsError: 3.38133e+09
      Equation: "HoleContinuityEquation"	RelError: 3.13397e-09	AbsError: 2.88445e+08
      Equation: "PotentialEquation"	RelError: 6.35506e-08	AbsError: 8.75120e-11
Iteration: 7
  Device: "diode2d"	RelError: 3.52120e-11	AbsError: 4.35450e+06
    Region: "Bulk"	RelError: 3.52120e-11	AbsError: 4.35450e+06
      Equation: "ElectronContinuityEquation"	RelError: 3.94160e-12	AbsError: 3.84263e+06
      Equation: "HoleContinuityEquation"	RelError: 3.84836e-12	AbsError: 5.11872e+05
      Equation: "PotentialEquation"	RelError: 2.74220e-11	AbsError: 1.01858e-13
top	0.4	2.68110868464e-09	1.31315555366e-09	3.9942642383e-09
bot	0.0	-2.68149490358e-09	-1.31277163078e-09	-3.99426653436e-09
Region "Bulk" on device "diode2d" has equations 0:1502
Device "diode2d" has equations 0:1502
number of equations 1503
Iteration: 0
  Device: "diode2d"	RelError: 2.27900e+01	AbsError: 2.82539e+17
    Region: "Bulk"	RelError: 2.27900e+01	AbsError: 2.82539e+17
      Equation: "ElectronContinuityEquation"	RelError: 7.94168e-01	AbsError: 1.40441e+17
      Equation: "HoleContinuityEquation"	RelError: 7.92583e-01	AbsError: 1.42098e+17
      Equation: "PotentialEquation"	RelError: 2.12032e+01	AbsError: 4.12160e-02
Iteration: 1
  Device: "diode2d"	RelError: 2.52116e+02	AbsError: 7.78755e+16
    Region: "Bulk"	RelError: 2.52116e+02	AbsError: 7.78755e+16
      Equation: "ElectronContinuityEquation"	RelError: 6.87439e-01	AbsError: 2.63530e+16
      Equation: "HoleContinuityEquation"	RelError: 7.73853e-01	AbsError: 5.15225e+16
      Equation: "PotentialEquation"	RelError: 2.50655e+02	AbsError: 3.08025e-02
Iteration: 2
  Device: "diode2d"	RelError: 2.37262e+00	AbsError: 6.93330e+15
    Region: "Bulk"	RelError: 2.37262e+00	AbsError: 6.93330e+15
      Equation: "ElectronContinuityEquation"	RelError: 5.02764e-01	AbsError: 3.63504e+15
      Equation: "HoleContinuityEquation"	RelError: 4.94222e-01	AbsError: 3.29826e+15
      Equation: "PotentialEquation"	RelError: 1.37563e+00	AbsError: 2.58450e-02
Iteration: 3
  Device: "diode2d"	RelError: 8.01404e-01	AbsError: 1.03461e+15
    Region: "Bulk"	RelError: 8.01404e-01	AbsError: 1.03461e+15
      Equation: "ElectronContinuityEquation"	RelError: 2.95121e-01	AbsError: 3.80474e+13
      Equation: "HoleContinuityEquation"	RelError: 1.08183e-01	AbsError: 9.96561e+14
      Equation: "PotentialEquation"	RelError: 3.98100e-01	AbsError: 9.21214e-03
Iteration: 4
  Device: "diode2d"	RelError: 8.43087e-02	AbsError: 8.30047e+14
    Region: "Bulk"	RelError: 8.43087e-02	AbsError: 8.30047e+14
      Equation: "ElectronContinuityEquation"	RelError: 8.02347e-02	AbsError: 7.96470e+13
      Equation: "HoleContinuityEquation"	RelError: 2.90430e-03	AbsError: 7.50400e+14
      Equation: "PotentialEquation"	RelError: 1.16969e-03	AbsError: 4.59223e-05
Iteration: 5
  Device: "diode2d"	RelError: 6.42032e-05	AbsError: 3.64067e+12
    Region: "Bulk"	RelError: 6.42032e-05	AbsError: 3.64067e+12
      Equation: "ElectronContinuityEquation"	RelError: 5.75955e-05	AbsError: 9.05819e+11
      Equation: "HoleContinuityEquation"	RelError: 3.53019e-06	AbsError: 2.73485e+12
      Equation: "PotentialEquation"	RelError: 3.07751e-06	AbsError: 7.36643e-08
Iteration: 6
  Device: "diode2d"	RelError: 2.23902e-09	AbsError: 1.17187e+09
    Region: "Bulk"	RelError: 2.23902e-09	AbsError: 1.17187e+09
      Equation: "ElectronContinuityEquation"	RelError: 7.13058e-10	AbsError: 4.57164e+08
      Equation: "HoleContinuityEquation"	RelError: 7.24143e-10	AbsError: 7.14706e+08
      Equation: "PotentialEquation"	RelError: 8.01822e-10	AbsError: 1.88267e-11
Iteration: 7
  Device: "diode2d"	RelError: 1.01291e-11	AbsError: 3.73326e+06
    Region: "Bulk"	RelError: 1.01291e-11	AbsError: 3.73326e+06
      Equation: "ElectronContinuityEquation"	RelError: 3.08154e-12	AbsError: 4.07166e+05
      Equation: "HoleContinuityEquation"	RelError: 3.32752e-12	AbsError: 3.32609e+06
      Equation: "PotentialEquation"	RelError: 3.72004e-12	AbsError: 8.61241e-14
top	0.5	1.20631681239e-07	5.9124779374e-08	1.79756460613e-07
bot	0.0	-1.20634935379e-07	-5.91215253469e-08	-1.79756460725e-07
