
----------------------------------------

 DEVSIM

 Version: Beta 0.01

 Copyright 2009-2018 Devsim LLC

----------------------------------------


mid
bot
 (region: MyRegion)
 (contact: top)
 (contact: bot)
Region "MyRegion" on device "MyDevice" has equations 0:256
Device "MyDevice" has equations 0:256
0	18446744073709551615	ground
GND	18446744073709551615	ground
V1.I	0	mna
top_bias	1	default
Circuit  has equations 257:258
creating solution dcop with 2 nodes
number of equations 259
creating solution dcop_prev with 2 nodes
Iteration: 0
  Device: "MyDevice"	RelError: 1.00000e+00	AbsError: 8.88979e-02
    Region: "MyRegion"	RelError: 1.00000e+00	AbsError: 8.88979e-02
      Equation: "PotentialEquation"	RelError: 1.00000e+00	AbsError: 8.88979e-02
  Circuit: 	RelError: 0.00000e+00	AbsError: 0.00000e+00
Iteration: 1
  Device: "MyDevice"	RelError: 4.91289e-01	AbsError: 8.58533e-02
    Region: "MyRegion"	RelError: 4.91289e-01	AbsError: 8.58533e-02
      Equation: "PotentialEquation"	RelError: 4.91289e-01	AbsError: 8.58533e-02
  Circuit: 	RelError: 0.00000e+00	AbsError: 0.00000e+00
Iteration: 2
  Device: "MyDevice"	RelError: 3.20767e-01	AbsError: 8.25260e-02
    Region: "MyRegion"	RelError: 3.20767e-01	AbsError: 8.25260e-02
      Equation: "PotentialEquation"	RelError: 3.20767e-01	AbsError: 8.25260e-02
  Circuit: 	RelError: 0.00000e+00	AbsError: 0.00000e+00
Iteration: 3
  Device: "MyDevice"	RelError: 2.34485e-01	AbsError: 7.88067e-02
    Region: "MyRegion"	RelError: 2.34485e-01	AbsError: 7.88067e-02
      Equation: "PotentialEquation"	RelError: 2.34485e-01	AbsError: 7.88067e-02
  Circuit: 	RelError: 0.00000e+00	AbsError: 0.00000e+00
Iteration: 4
  Device: "MyDevice"	RelError: 1.94033e-01	AbsError: 7.35639e-02
    Region: "MyRegion"	RelError: 1.94033e-01	AbsError: 7.35639e-02
      Equation: "PotentialEquation"	RelError: 1.94033e-01	AbsError: 7.35639e-02
  Circuit: 	RelError: 0.00000e+00	AbsError: 0.00000e+00
Iteration: 5
  Device: "MyDevice"	RelError: 2.20108e+00	AbsError: 5.56834e-02
    Region: "MyRegion"	RelError: 2.20108e+00	AbsError: 5.56834e-02
      Equation: "PotentialEquation"	RelError: 2.20108e+00	AbsError: 5.56834e-02
  Circuit: 	RelError: 0.00000e+00	AbsError: 0.00000e+00
Iteration: 6
  Device: "MyDevice"	RelError: 4.34688e-01	AbsError: 3.95692e-02
    Region: "MyRegion"	RelError: 4.34688e-01	AbsError: 3.95692e-02
      Equation: "PotentialEquation"	RelError: 4.34688e-01	AbsError: 3.95692e-02
  Circuit: 	RelError: 0.00000e+00	AbsError: 0.00000e+00
Iteration: 7
  Device: "MyDevice"	RelError: 6.45050e-02	AbsError: 2.91367e-02
    Region: "MyRegion"	RelError: 6.45050e-02	AbsError: 2.91367e-02
      Equation: "PotentialEquation"	RelError: 6.45050e-02	AbsError: 2.91367e-02
  Circuit: 	RelError: 0.00000e+00	AbsError: 0.00000e+00
Iteration: 8
  Device: "MyDevice"	RelError: 5.18778e-02	AbsError: 2.47384e-02
    Region: "MyRegion"	RelError: 5.18778e-02	AbsError: 2.47384e-02
      Equation: "PotentialEquation"	RelError: 5.18778e-02	AbsError: 2.47384e-02
  Circuit: 	RelError: 0.00000e+00	AbsError: 0.00000e+00
Iteration: 9
  Device: "MyDevice"	RelError: 8.93317e-04	AbsError: 4.25961e-04
    Region: "MyRegion"	RelError: 8.93317e-04	AbsError: 4.25961e-04
      Equation: "PotentialEquation"	RelError: 8.93317e-04	AbsError: 4.25961e-04
  Circuit: 	RelError: 0.00000e+00	AbsError: 0.00000e+00
Iteration: 10
  Device: "MyDevice"	RelError: 2.08087e-06	AbsError: 9.92174e-07
    Region: "MyRegion"	RelError: 2.08087e-06	AbsError: 9.92174e-07
      Equation: "PotentialEquation"	RelError: 2.08087e-06	AbsError: 9.92174e-07
  Circuit: 	RelError: 0.00000e+00	AbsError: 0.00000e+00
Iteration: 11
  Device: "MyDevice"	RelError: 1.63447e-11	AbsError: 7.79300e-12
    Region: "MyRegion"	RelError: 1.63447e-11	AbsError: 7.79300e-12
      Equation: "PotentialEquation"	RelError: 1.63447e-11	AbsError: 7.79300e-12
  Circuit: 	RelError: 0.00000e+00	AbsError: 0.00000e+00
Iteration: 12
  Device: "MyDevice"	RelError: 1.27853e-14	AbsError: 4.09029e-17
    Region: "MyRegion"	RelError: 1.27853e-14	AbsError: 4.09029e-17
      Equation: "PotentialEquation"	RelError: 1.27853e-14	AbsError: 4.09029e-17
  Circuit: 	RelError: 0.00000e+00	AbsError: 0.00000e+00
Circuit Solution:
V1.I	0
top_bias	0
Warning: Replacing equation with equation of the same name.
Region: MyRegion, Equation: PotentialEquation, Variable: Potential
Region "MyRegion" on device "MyDevice" has equations 0:770
Device "MyDevice" has equations 0:770
0	18446744073709551615	ground
GND	18446744073709551615	ground
V1.I	0	mna
top_bias	1	default
Circuit  has equations 771:772
number of equations 773
Iteration: 0
  Device: "MyDevice"	RelError: 2.75828e-14	AbsError: 1.02400e+04
    Region: "MyRegion"	RelError: 2.75828e-14	AbsError: 1.02400e+04
      Equation: "ElectronContinuityEquation"	RelError: 1.07036e-14	AbsError: 5.12000e+03
      Equation: "HoleContinuityEquation"	RelError: 9.87000e-15	AbsError: 5.12000e+03
      Equation: "PotentialEquation"	RelError: 7.00917e-15	AbsError: 1.22868e-16
  Circuit: 	RelError: 3.94344e-14	AbsError: 3.94344e-24
Circuit Solution:
V1.I	-3.94344e-24
top_bias	0
bot	0.0	6.14280668542e-09	5.09614733426e-25	6.14280668542e-09
Region "MyRegion" on device "MyDevice" has equations 0:770
Device "MyDevice" has equations 0:770
0	18446744073709551615	ground
GND	18446744073709551615	ground
V1.I	0	mna
top_bias	1	default
Circuit  has equations 771:772
creating solution ssac_real with 2 nodes
creating solution ssac_imag with 2 nodes
Device: MyDevice	Region: MyRegion	Creating: Electrons_Real
Device: MyDevice	Region: MyRegion	Creating: Electrons_Imag
Device: MyDevice	Region: MyRegion	Creating: Holes_Real
Device: MyDevice	Region: MyRegion	Creating: Holes_Imag
Device: MyDevice	Region: MyRegion	Creating: Potential_Real
Device: MyDevice	Region: MyRegion	Creating: Potential_Imag
Setting V1.I = (1.13662e-06,1.30688e-06)
Setting top_bias = (1,0)
AC Iteration:
number of equations 773
Circuit AC Solution:
V1.I	(1.13662e-06,1.30688e-06)
top_bias	(1,0)
capacitance 0.0 2.07996902946e-07
Region "MyRegion" on device "MyDevice" has equations 0:770
Device "MyDevice" has equations 0:770
0	18446744073709551615	ground
GND	18446744073709551615	ground
V1.I	0	mna
top_bias	1	default
Circuit  has equations 771:772
number of equations 773
Iteration: 0
  Device: "MyDevice"	RelError: 1.55882e+01	AbsError: 2.08314e+17
    Region: "MyRegion"	RelError: 1.55882e+01	AbsError: 2.08314e+17
      Equation: "ElectronContinuityEquation"	RelError: 7.73734e-01	AbsError: 1.04105e+17
      Equation: "HoleContinuityEquation"	RelError: 7.73745e-01	AbsError: 1.04210e+17
      Equation: "PotentialEquation"	RelError: 1.40407e+01	AbsError: 4.09542e-02
  Circuit: 	RelError: 1.00000e+00	AbsError: 1.00000e-01
Iteration: 1
  Device: "MyDevice"	RelError: 3.17469e+01	AbsError: 2.42400e+16
    Region: "MyRegion"	RelError: 3.17469e+01	AbsError: 2.42400e+16
      Equation: "ElectronContinuityEquation"	RelError: 6.73265e-01	AbsError: 1.24340e+16
      Equation: "HoleContinuityEquation"	RelError: 7.58000e-01	AbsError: 1.18060e+16
      Equation: "PotentialEquation"	RelError: 3.03156e+01	AbsError: 3.07632e-02
  Circuit: 	RelError: 1.01236e+01	AbsError: 1.13233e-07
Iteration: 2
  Device: "MyDevice"	RelError: 1.19739e+00	AbsError: 1.61677e+15
    Region: "MyRegion"	RelError: 1.19739e+00	AbsError: 1.61677e+15
      Equation: "ElectronContinuityEquation"	RelError: 4.97846e-01	AbsError: 5.28126e+14
      Equation: "HoleContinuityEquation"	RelError: 4.94003e-01	AbsError: 1.08864e+15
      Equation: "PotentialEquation"	RelError: 2.05543e-01	AbsError: 2.57657e-02
  Circuit: 	RelError: 2.27584e+00	AbsError: 7.77061e-09
Iteration: 3
  Device: "MyDevice"	RelError: 3.86537e-01	AbsError: 1.91962e+14
    Region: "MyRegion"	RelError: 3.86537e-01	AbsError: 1.91962e+14
      Equation: "ElectronContinuityEquation"	RelError: 2.85215e-01	AbsError: 2.56968e+12
      Equation: "HoleContinuityEquation"	RelError: 7.70016e-02	AbsError: 1.89393e+14
      Equation: "PotentialEquation"	RelError: 2.43203e-02	AbsError: 9.16533e-03
  Circuit: 	RelError: 1.47436e+00	AbsError: 9.99062e-09
Iteration: 4
  Device: "MyDevice"	RelError: 8.06451e-02	AbsError: 1.67912e+14
    Region: "MyRegion"	RelError: 8.06451e-02	AbsError: 1.67912e+14
      Equation: "ElectronContinuityEquation"	RelError: 7.58952e-02	AbsError: 7.60495e+12
      Equation: "HoleContinuityEquation"	RelError: 4.18430e-04	AbsError: 1.60307e+14
      Equation: "PotentialEquation"	RelError: 4.33152e-03	AbsError: 5.84591e-06
  Circuit: 	RelError: 5.47748e-01	AbsError: 2.39811e-09
Iteration: 5
  Device: "MyDevice"	RelError: 8.02229e-06	AbsError: 5.16364e+09
    Region: "MyRegion"	RelError: 8.02229e-06	AbsError: 5.16364e+09
      Equation: "ElectronContinuityEquation"	RelError: 7.95867e-06	AbsError: 6.39754e+07
      Equation: "HoleContinuityEquation"	RelError: 6.34432e-08	AbsError: 5.09967e+09
      Equation: "PotentialEquation"	RelError: 1.74556e-10	AbsError: 6.39577e-11
  Circuit: 	RelError: 4.71916e-04	AbsError: 2.06708e-12
Iteration: 6
  Device: "MyDevice"	RelError: 2.39043e-13	AbsError: 5.06803e+02
    Region: "MyRegion"	RelError: 2.39043e-13	AbsError: 5.06803e+02
      Equation: "ElectronContinuityEquation"	RelError: 7.12470e-14	AbsError: 2.07024e+02
      Equation: "HoleContinuityEquation"	RelError: 1.28038e-13	AbsError: 2.99780e+02
      Equation: "PotentialEquation"	RelError: 3.97580e-14	AbsError: 8.25490e-17
  Circuit: 	RelError: 6.12342e-08	AbsError: 2.68217e-16
Iteration: 7
  Device: "MyDevice"	RelError: 4.66069e-14	AbsError: 2.91677e+02
    Region: "MyRegion"	RelError: 4.66069e-14	AbsError: 2.91677e+02
      Equation: "ElectronContinuityEquation"	RelError: 2.85467e-15	AbsError: 1.15470e+02
      Equation: "HoleContinuityEquation"	RelError: 3.64314e-15	AbsError: 1.76207e+02
      Equation: "PotentialEquation"	RelError: 4.01091e-14	AbsError: 8.78195e-17
  Circuit: 	RelError: 3.15122e-15	AbsError: 1.38029e-23
Circuit Solution:
V1.I	-4.28018e-09
top_bias	0.1
bot	0.0	-2.04366647259e-08	-1.38872658224e-09	-2.18253913081e-08
Region "MyRegion" on device "MyDevice" has equations 0:770
Device "MyDevice" has equations 0:770
0	18446744073709551615	ground
GND	18446744073709551615	ground
V1.I	0	mna
top_bias	1	default
Circuit  has equations 771:772
Setting V1.I = (9.94604e-07,1.38736e-06)
Setting top_bias = (1,0)
AC Iteration:
number of equations 773
Circuit AC Solution:
V1.I	(9.94604e-07,1.38736e-06)
top_bias	(1,0)
capacitance 0.1 2.20805412885e-07
Region "MyRegion" on device "MyDevice" has equations 0:770
Device "MyDevice" has equations 0:770
0	18446744073709551615	ground
GND	18446744073709551615	ground
V1.I	0	mna
top_bias	1	default
Circuit  has equations 771:772
number of equations 773
Iteration: 0
  Device: "MyDevice"	RelError: 9.42039e+01	AbsError: 2.20978e+17
    Region: "MyRegion"	RelError: 9.42039e+01	AbsError: 2.20978e+17
      Equation: "ElectronContinuityEquation"	RelError: 7.89745e-01	AbsError: 1.10497e+17
      Equation: "HoleContinuityEquation"	RelError: 7.89744e-01	AbsError: 1.10481e+17
      Equation: "PotentialEquation"	RelError: 9.26244e+01	AbsError: 4.09542e-02
  Circuit: 	RelError: 1.05213e+00	AbsError: 1.00000e-01
Iteration: 1
  Device: "MyDevice"	RelError: 8.55193e+01	AbsError: 2.76262e+16
    Region: "MyRegion"	RelError: 8.55193e+01	AbsError: 2.76262e+16
      Equation: "ElectronContinuityEquation"	RelError: 6.86041e-01	AbsError: 1.42200e+16
      Equation: "HoleContinuityEquation"	RelError: 7.75525e-01	AbsError: 1.34062e+16
      Equation: "PotentialEquation"	RelError: 8.40577e+01	AbsError: 3.07632e-02
  Circuit: 	RelError: 2.02993e+00	AbsError: 1.57643e-07
Iteration: 2
  Device: "MyDevice"	RelError: 1.32079e+01	AbsError: 2.23021e+15
    Region: "MyRegion"	RelError: 1.32079e+01	AbsError: 2.23021e+15
      Equation: "ElectronContinuityEquation"	RelError: 5.06839e-01	AbsError: 9.08268e+14
      Equation: "HoleContinuityEquation"	RelError: 4.95389e-01	AbsError: 1.32194e+15
      Equation: "PotentialEquation"	RelError: 1.22057e+01	AbsError: 2.58091e-02
  Circuit: 	RelError: 3.91458e-01	AbsError: 4.99559e-08
Iteration: 3
  Device: "MyDevice"	RelError: 3.95899e-01	AbsError: 1.78520e+14
    Region: "MyRegion"	RelError: 3.95899e-01	AbsError: 1.78520e+14
      Equation: "ElectronContinuityEquation"	RelError: 2.86175e-01	AbsError: 5.44953e+11
      Equation: "HoleContinuityEquation"	RelError: 7.66194e-02	AbsError: 1.77975e+14
      Equation: "PotentialEquation"	RelError: 3.31046e-02	AbsError: 9.16533e-03
  Circuit: 	RelError: 2.90202e-01	AbsError: 5.21755e-08
Iteration: 4
  Device: "MyDevice"	RelError: 8.29338e-02	AbsError: 1.53500e+14
    Region: "MyRegion"	RelError: 8.29338e-02	AbsError: 1.53500e+14
      Equation: "ElectronContinuityEquation"	RelError: 7.73670e-02	AbsError: 7.50941e+12
      Equation: "HoleContinuityEquation"	RelError: 3.76780e-04	AbsError: 1.45991e+14
      Equation: "PotentialEquation"	RelError: 5.18997e-03	AbsError: 5.38085e-06
  Circuit: 	RelError: 7.10509e-02	AbsError: 1.37513e-08
Iteration: 5
  Device: "MyDevice"	RelError: 7.62497e-06	AbsError: 4.44504e+09
    Region: "MyRegion"	RelError: 7.62497e-06	AbsError: 4.44504e+09
      Equation: "ElectronContinuityEquation"	RelError: 7.57183e-06	AbsError: 6.32487e+07
      Equation: "HoleContinuityEquation"	RelError: 5.21649e-08	AbsError: 4.38180e+09
      Equation: "PotentialEquation"	RelError: 9.80950e-10	AbsError: 5.49864e-11
  Circuit: 	RelError: 2.12449e-05	AbsError: 4.11169e-12
Iteration: 6
  Device: "MyDevice"	RelError: 4.32095e-13	AbsError: 4.54628e+02
    Region: "MyRegion"	RelError: 4.32095e-13	AbsError: 4.54628e+02
      Equation: "ElectronContinuityEquation"	RelError: 1.62244e-13	AbsError: 2.23699e+02
      Equation: "HoleContinuityEquation"	RelError: 2.41204e-13	AbsError: 2.30929e+02
      Equation: "PotentialEquation"	RelError: 2.86464e-14	AbsError: 4.88126e-17
  Circuit: 	RelError: 2.13822e-09	AbsError: 4.13825e-16
Iteration: 7
  Device: "MyDevice"	RelError: 2.60005e-14	AbsError: 2.75049e+02
    Region: "MyRegion"	RelError: 2.60005e-14	AbsError: 2.75049e+02
      Equation: "ElectronContinuityEquation"	RelError: 1.54096e-14	AbsError: 1.24037e+02
      Equation: "HoleContinuityEquation"	RelError: 6.48657e-16	AbsError: 1.51013e+02
      Equation: "PotentialEquation"	RelError: 9.94222e-15	AbsError: 3.18674e-17
  Circuit: 	RelError: 2.31161e-15	AbsError: 4.47383e-22
Circuit Solution:
V1.I	-1.93437e-07
top_bias	0.2
bot	0.0	-1.08095030803e-07	-6.41988690853e-08	-1.72293899888e-07
Region "MyRegion" on device "MyDevice" has equations 0:770
Device "MyDevice" has equations 0:770
0	18446744073709551615	ground
GND	18446744073709551615	ground
V1.I	0	mna
top_bias	1	default
Circuit  has equations 771:772
Setting V1.I = (-6.82046e-06,1.48401e-06)
Setting top_bias = (1,0)
AC Iteration:
number of equations 773
Circuit AC Solution:
V1.I	(-6.82046e-06,1.48401e-06)
top_bias	(1,0)
capacitance 0.2 2.36188015485e-07
Region "MyRegion" on device "MyDevice" has equations 0:770
Device "MyDevice" has equations 0:770
0	18446744073709551615	ground
GND	18446744073709551615	ground
V1.I	0	mna
top_bias	1	default
Circuit  has equations 771:772
number of equations 773
Iteration: 0
  Device: "MyDevice"	RelError: 1.76152e+01	AbsError: 2.36198e+17
    Region: "MyRegion"	RelError: 1.76152e+01	AbsError: 2.36198e+17
      Equation: "ElectronContinuityEquation"	RelError: 7.92010e-01	AbsError: 1.18079e+17
      Equation: "HoleContinuityEquation"	RelError: 7.92008e-01	AbsError: 1.18119e+17
      Equation: "PotentialEquation"	RelError: 1.60312e+01	AbsError: 4.09542e-02
  Circuit: 	RelError: 7.79409e-01	AbsError: 1.00001e-01
Iteration: 1
  Device: "MyDevice"	RelError: 5.79987e+01	AbsError: 3.20625e+16
    Region: "MyRegion"	RelError: 5.79987e+01	AbsError: 3.20625e+16
      Equation: "ElectronContinuityEquation"	RelError: 6.87335e-01	AbsError: 1.65548e+16
      Equation: "HoleContinuityEquation"	RelError: 7.76690e-01	AbsError: 1.55077e+16
      Equation: "PotentialEquation"	RelError: 5.65347e+01	AbsError: 3.07632e-02
  Circuit: 	RelError: 7.34829e-01	AbsError: 2.43130e-06
Iteration: 2
  Device: "MyDevice"	RelError: 8.51199e+00	AbsError: 3.22716e+15
    Region: "MyRegion"	RelError: 8.51199e+00	AbsError: 3.22716e+15
      Equation: "ElectronContinuityEquation"	RelError: 5.07284e-01	AbsError: 1.57399e+15
      Equation: "HoleContinuityEquation"	RelError: 4.97207e-01	AbsError: 1.65317e+15
      Equation: "PotentialEquation"	RelError: 7.50750e+00	AbsError: 2.56514e-02
  Circuit: 	RelError: 5.03966e-01	AbsError: 3.36157e-06
Iteration: 3
  Device: "MyDevice"	RelError: 4.11221e-01	AbsError: 1.78024e+14
    Region: "MyRegion"	RelError: 4.11221e-01	AbsError: 1.78024e+14
      Equation: "ElectronContinuityEquation"	RelError: 2.83463e-01	AbsError: 2.85991e+12
      Equation: "HoleContinuityEquation"	RelError: 7.59356e-02	AbsError: 1.75164e+14
      Equation: "PotentialEquation"	RelError: 5.18226e-02	AbsError: 9.16533e-03
  Circuit: 	RelError: 1.92788e-01	AbsError: 1.59307e-06
Iteration: 4
  Device: "MyDevice"	RelError: 7.99077e-02	AbsError: 1.40233e+14
    Region: "MyRegion"	RelError: 7.99077e-02	AbsError: 1.40233e+14
      Equation: "ElectronContinuityEquation"	RelError: 7.70574e-02	AbsError: 7.36027e+12
      Equation: "HoleContinuityEquation"	RelError: 3.43934e-04	AbsError: 1.32872e+14
      Equation: "PotentialEquation"	RelError: 2.50630e-03	AbsError: 4.83333e-06
  Circuit: 	RelError: 5.20927e-02	AbsError: 4.54114e-07
Iteration: 5
  Device: "MyDevice"	RelError: 6.91607e-06	AbsError: 3.66110e+09
    Region: "MyRegion"	RelError: 6.91607e-06	AbsError: 3.66110e+09
      Equation: "ElectronContinuityEquation"	RelError: 6.87235e-06	AbsError: 6.15804e+07
      Equation: "HoleContinuityEquation"	RelError: 4.26238e-08	AbsError: 3.59952e+09
      Equation: "PotentialEquation"	RelError: 1.09691e-09	AbsError: 4.48497e-11
  Circuit: 	RelError: 4.08211e-06	AbsError: 3.55853e-11
Iteration: 6
  Device: "MyDevice"	RelError: 6.00594e-13	AbsError: 6.27208e+02
    Region: "MyRegion"	RelError: 6.00594e-13	AbsError: 6.27208e+02
      Equation: "ElectronContinuityEquation"	RelError: 4.31032e-13	AbsError: 2.78714e+02
      Equation: "HoleContinuityEquation"	RelError: 1.38024e-13	AbsError: 3.48494e+02
      Equation: "PotentialEquation"	RelError: 3.15385e-14	AbsError: 7.71015e-17
  Circuit: 	RelError: 1.00970e-11	AbsError: 8.80194e-17
Circuit Solution:
V1.I	-8.71728e-06
top_bias	0.3
bot	0.0	-5.80555075445e-06	-2.90489765995e-06	-8.7104484144e-06
Region "MyRegion" on device "MyDevice" has equations 0:770
Device "MyDevice" has equations 0:770
0	18446744073709551615	ground
GND	18446744073709551615	ground
V1.I	0	mna
top_bias	1	default
Circuit  has equations 771:772
Setting V1.I = (-0.000331195,1.60344e-06)
Setting top_bias = (1,0)
AC Iteration:
number of equations 773
Circuit AC Solution:
V1.I	(-0.000331195,1.60344e-06)
top_bias	(1,0)
capacitance 0.3 2.55195956056e-07
Region "MyRegion" on device "MyDevice" has equations 0:770
Device "MyDevice" has equations 0:770
0	18446744073709551615	ground
GND	18446744073709551615	ground
V1.I	0	mna
top_bias	1	default
Circuit  has equations 771:772
number of equations 773
Iteration: 0
  Device: "MyDevice"	RelError: 4.11263e+01	AbsError: 2.55026e+17
    Region: "MyRegion"	RelError: 4.11263e+01	AbsError: 2.55026e+17
      Equation: "ElectronContinuityEquation"	RelError: 7.92129e-01	AbsError: 1.27554e+17
      Equation: "HoleContinuityEquation"	RelError: 7.92127e-01	AbsError: 1.27473e+17
      Equation: "PotentialEquation"	RelError: 3.95421e+01	AbsError: 4.09542e-02
  Circuit: 	RelError: 7.91758e-01	AbsError: 1.00033e-01
Iteration: 1
  Device: "MyDevice"	RelError: 2.18548e+01	AbsError: 3.81706e+16
    Region: "MyRegion"	RelError: 2.18548e+01	AbsError: 3.81706e+16
      Equation: "ElectronContinuityEquation"	RelError: 6.87228e-01	AbsError: 1.98118e+16
      Equation: "HoleContinuityEquation"	RelError: 7.76841e-01	AbsError: 1.83589e+16
      Equation: "PotentialEquation"	RelError: 2.03907e+01	AbsError: 3.07632e-02
  Circuit: 	RelError: 7.24502e-01	AbsError: 1.10087e-04
Iteration: 2
  Device: "MyDevice"	RelError: 1.27548e+01	AbsError: 4.69999e+15
    Region: "MyRegion"	RelError: 1.27548e+01	AbsError: 4.69999e+15
      Equation: "ElectronContinuityEquation"	RelError: 5.07382e-01	AbsError: 2.55339e+15
      Equation: "HoleContinuityEquation"	RelError: 4.98122e-01	AbsError: 2.14661e+15
      Equation: "PotentialEquation"	RelError: 1.17493e+01	AbsError: 2.58118e-02
  Circuit: 	RelError: 4.97678e-01	AbsError: 1.50544e-04
Iteration: 3
  Device: "MyDevice"	RelError: 4.80474e-01	AbsError: 1.82025e+14
    Region: "MyRegion"	RelError: 4.80474e-01	AbsError: 1.82025e+14
      Equation: "ElectronContinuityEquation"	RelError: 2.85355e-01	AbsError: 8.96770e+12
      Equation: "HoleContinuityEquation"	RelError: 7.58715e-02	AbsError: 1.73058e+14
      Equation: "PotentialEquation"	RelError: 1.19247e-01	AbsError: 9.16533e-03
  Circuit: 	RelError: 1.89493e-01	AbsError: 7.07216e-05
Iteration: 4
  Device: "MyDevice"	RelError: 7.98385e-02	AbsError: 1.22233e+14
    Region: "MyRegion"	RelError: 7.98385e-02	AbsError: 1.22233e+14
      Equation: "ElectronContinuityEquation"	RelError: 7.67140e-02	AbsError: 7.16970e+12
      Equation: "HoleContinuityEquation"	RelError: 2.92638e-04	AbsError: 1.15063e+14
      Equation: "PotentialEquation"	RelError: 2.83191e-03	AbsError: 4.28690e-06
  Circuit: 	RelError: 5.12302e-02	AbsError: 2.01523e-05
Iteration: 5
  Device: "MyDevice"	RelError: 5.91865e-06	AbsError: 2.92969e+09
    Region: "MyRegion"	RelError: 5.91865e-06	AbsError: 2.92969e+09
      Equation: "ElectronContinuityEquation"	RelError: 5.88532e-06	AbsError: 5.95725e+07
      Equation: "HoleContinuityEquation"	RelError: 3.11977e-08	AbsError: 2.87012e+09
      Equation: "PotentialEquation"	RelError: 2.12626e-09	AbsError: 3.60039e-11
  Circuit: 	RelError: 3.88388e-06	AbsError: 1.52779e-09
Iteration: 6
  Device: "MyDevice"	RelError: 4.36445e-13	AbsError: 7.42705e+02
    Region: "MyRegion"	RelError: 4.36445e-13	AbsError: 7.42705e+02
      Equation: "ElectronContinuityEquation"	RelError: 2.59828e-13	AbsError: 3.43821e+02
      Equation: "HoleContinuityEquation"	RelError: 1.56066e-13	AbsError: 3.98885e+02
      Equation: "PotentialEquation"	RelError: 2.05513e-14	AbsError: 6.06509e-17
  Circuit: 	RelError: 4.28714e-14	AbsError: 1.68641e-17
Circuit Solution:
V1.I	-0.000393366
top_bias	0.4
bot	0.0	-0.000262165911866	-0.000131169633098	-0.000393335544965
Region "MyRegion" on device "MyDevice" has equations 0:770
Device "MyDevice" has equations 0:770
0	18446744073709551615	ground
GND	18446744073709551615	ground
V1.I	0	mna
top_bias	1	default
Circuit  has equations 771:772
Setting V1.I = (-0.0149823,1.75664e-06)
Setting top_bias = (1,0)
AC Iteration:
number of equations 773
Circuit AC Solution:
V1.I	(-0.0149823,1.75664e-06)
top_bias	(1,0)
capacitance 0.4 2.79577430442e-07
Region "MyRegion" on device "MyDevice" has equations 0:770
Device "MyDevice" has equations 0:770
0	18446744073709551615	ground
GND	18446744073709551615	ground
V1.I	0	mna
top_bias	1	default
Circuit  has equations 771:772
number of equations 773
Iteration: 0
  Device: "MyDevice"	RelError: 4.28085e+01	AbsError: 2.79301e+17
    Region: "MyRegion"	RelError: 4.28085e+01	AbsError: 2.79301e+17
      Equation: "ElectronContinuityEquation"	RelError: 7.92057e-01	AbsError: 1.39697e+17
      Equation: "HoleContinuityEquation"	RelError: 7.92055e-01	AbsError: 1.39604e+17
      Equation: "PotentialEquation"	RelError: 4.12244e+01	AbsError: 4.09542e-02
  Circuit: 	RelError: 7.92044e-01	AbsError: 1.01498e-01
Iteration: 1
  Device: "MyDevice"	RelError: 2.36886e+02	AbsError: 4.70477e+16
    Region: "MyRegion"	RelError: 2.36886e+02	AbsError: 4.70477e+16
      Equation: "ElectronContinuityEquation"	RelError: 6.87127e-01	AbsError: 2.45843e+16
      Equation: "HoleContinuityEquation"	RelError: 7.76600e-01	AbsError: 2.24634e+16
      Equation: "PotentialEquation"	RelError: 2.35422e+02	AbsError: 3.07632e-02
  Circuit: 	RelError: 7.23987e-01	AbsError: 4.96165e-03
Iteration: 2
  Device: "MyDevice"	RelError: 2.37518e+00	AbsError: 7.17468e+15
    Region: "MyRegion"	RelError: 2.37518e+00	AbsError: 7.17468e+15
      Equation: "ElectronContinuityEquation"	RelError: 5.06852e-01	AbsError: 4.23060e+15
      Equation: "HoleContinuityEquation"	RelError: 5.00372e-01	AbsError: 2.94408e+15
      Equation: "PotentialEquation"	RelError: 1.36796e+00	AbsError: 2.58032e-02
  Circuit: 	RelError: 4.97480e-01	AbsError: 6.78449e-03
Iteration: 3
  Device: "MyDevice"	RelError: 7.55961e-01	AbsError: 2.46059e+14
    Region: "MyRegion"	RelError: 7.55961e-01	AbsError: 2.46059e+14
      Equation: "ElectronContinuityEquation"	RelError: 2.85015e-01	AbsError: 2.19063e+13
      Equation: "HoleContinuityEquation"	RelError: 7.48695e-02	AbsError: 2.24153e+14
      Equation: "PotentialEquation"	RelError: 3.96077e-01	AbsError: 9.16533e-03
  Circuit: 	RelError: 1.88938e-01	AbsError: 3.17693e-03
Iteration: 4
  Device: "MyDevice"	RelError: 7.65492e-02	AbsError: 1.03945e+14
    Region: "MyRegion"	RelError: 7.65492e-02	AbsError: 1.03945e+14
      Equation: "ElectronContinuityEquation"	RelError: 7.62085e-02	AbsError: 6.84797e+12
      Equation: "HoleContinuityEquation"	RelError: 2.53121e-04	AbsError: 9.70973e+13
      Equation: "PotentialEquation"	RelError: 8.76027e-05	AbsError: 3.63265e-06
  Circuit: 	RelError: 5.08774e-02	AbsError: 9.01342e-04
Iteration: 5
  Device: "MyDevice"	RelError: 4.91093e-06	AbsError: 2.15430e+09
    Region: "MyRegion"	RelError: 4.91093e-06	AbsError: 2.15430e+09
      Equation: "ElectronContinuityEquation"	RelError: 4.88797e-06	AbsError: 5.57089e+07
      Equation: "HoleContinuityEquation"	RelError: 2.20782e-08	AbsError: 2.09859e+09
      Equation: "PotentialEquation"	RelError: 8.81705e-10	AbsError: 2.63301e-11
  Circuit: 	RelError: 3.25102e-06	AbsError: 5.75948e-08
Iteration: 6
  Device: "MyDevice"	RelError: 2.10066e-13	AbsError: 4.55489e+02
    Region: "MyRegion"	RelError: 2.10066e-13	AbsError: 4.55489e+02
      Equation: "ElectronContinuityEquation"	RelError: 5.62885e-14	AbsError: 2.47003e+02
      Equation: "HoleContinuityEquation"	RelError: 1.52898e-13	AbsError: 2.08486e+02
      Equation: "PotentialEquation"	RelError: 8.79238e-16	AbsError: 3.71630e-17
  Circuit: 	RelError: 2.71324e-14	AbsError: 4.80675e-16
Circuit Solution:
V1.I	-0.0177159
top_bias	0.5
bot	0.0	-0.0118079690348	-0.00590798459506	-0.0177159536298
Region "MyRegion" on device "MyDevice" has equations 0:770
Device "MyDevice" has equations 0:770
0	18446744073709551615	ground
GND	18446744073709551615	ground
V1.I	0	mna
top_bias	1	default
Circuit  has equations 771:772
Setting V1.I = (-0.674247,1.96366e-06)
Setting top_bias = (1,0)
AC Iteration:
number of equations 773
Circuit AC Solution:
V1.I	(-0.674247,1.96366e-06)
top_bias	(1,0)
capacitance 0.5 3.12525797195e-07
V1.I	dcop	-0.0177159276828
V1.I	dcop_prev	-0.000393365723862
V1.I	ssac_imag	1.96365583842e-06
V1.I	ssac_real	-0.67424743467
top_bias	dcop	0.5
top_bias	dcop_prev	0.4
top_bias	ssac_imag	0.0
top_bias	ssac_real	1.0
